2025-02-08 18:43:08,430 - Talktauh - DEBUG - LOGGING STARTED: 2025-02-08 23:43:08.430077+00:00
2025-02-08 19:10:41,566 - Talktauh - DEBUG - LOGGING STARTED: 2025-02-09 00:10:41.565442+00:00
2025-02-08 19:12:25,770 - Talktauh - DEBUG - LOGGING STARTED: 2025-02-09 00:12:25.770669+00:00
2025-02-08 19:12:26,683 - Talktauh - DEBUG - LOGGING STARTED: 2025-02-09 00:12:26.683464+00:00
2025-02-08 19:12:38,922 - Talktauh - DEBUG - LOGGING STARTED: 2025-02-09 00:12:38.922791+00:00
2025-02-08 19:12:55,323 - Talktauh - DEBUG - LOGGING STARTED: 2025-02-09 00:12:55.323797+00:00
2025-02-08 19:12:55,525 - Talktauh - WARNING - loan_model.pkl not found at /Users/rezatabrizi/dev/Repos/HackNYU/ml/loan_model.pkl. Loan approval functionality will be limited.
2025-02-08 19:13:06,125 - Talktauh - DEBUG - LOGGING STARTED: 2025-02-09 00:13:06.125693+00:00
2025-02-08 19:13:06,324 - Talktauh - WARNING - loan_model.pkl not found at /Users/rezatabrizi/dev/Repos/HackNYU/ml/loan_model.pkl. Loan approval functionality will be limited.
2025-02-08 19:13:39,891 - Talktauh - DEBUG - LOGGING STARTED: 2025-02-09 00:13:39.891540+00:00
2025-02-08 19:13:40,091 - Talktauh - WARNING - loan_model.pkl not found at /Users/rezatabrizi/dev/Repos/HackNYU/ml/loan_model.pkl. Loan approval functionality will be limited.
2025-02-08 19:15:36,850 - Talktauh - DEBUG - LOGGING STARTED: 2025-02-09 00:15:36.850281+00:00
2025-02-08 19:15:37,055 - Talktauh - WARNING - loan_model.pkl not found at /Users/rezatabrizi/dev/Repos/HackNYU/ml/loan_model.pkl. Loan approval functionality will be limited.
2025-02-08 19:17:29,026 - Talktauh - DEBUG - LOGGING STARTED: 2025-02-09 00:17:29.026147+00:00
2025-02-08 19:17:29,215 - Talktauh - WARNING - loan_model.pkl not found at /Users/rezatabrizi/dev/Repos/HackNYU/ml/loan_model.pkl. Loan approval functionality will be limited.
2025-02-08 19:17:53,641 - Talktauh - DEBUG - LOGGING STARTED: 2025-02-09 00:17:53.641054+00:00
2025-02-08 19:17:53,786 - Talktauh - WARNING - loan_model.pkl not found at /Users/rezatabrizi/dev/Repos/HackNYU/ml/loan_model.pkl. Loan approval functionality will be limited.
2025-02-08 19:17:57,812 - Talktauh - DEBUG - LOGGING STARTED: 2025-02-09 00:17:57.812615+00:00
2025-02-08 19:17:57,962 - Talktauh - WARNING - loan_model.pkl not found at /Users/rezatabrizi/dev/Repos/HackNYU/ml/loan_model.pkl. Loan approval functionality will be limited.
2025-02-08 19:18:00,045 - Talktauh - DEBUG - LOGGING STARTED: 2025-02-09 00:18:00.045098+00:00
2025-02-08 19:18:01,494 - Talktauh - DEBUG - LOGGING STARTED: 2025-02-09 00:18:01.494224+00:00
2025-02-08 19:18:01,641 - Talktauh - WARNING - loan_model.pkl not found at /Users/rezatabrizi/dev/Repos/HackNYU/ml/loan_model.pkl. Loan approval functionality will be limited.
2025-02-08 19:18:13,310 - Talktauh - DEBUG - LOGGING STARTED: 2025-02-09 00:18:13.309833+00:00
2025-02-08 19:18:13,497 - Talktauh - WARNING - loan_model.pkl not found at /Users/rezatabrizi/dev/Repos/HackNYU/ml/loan_model.pkl. Loan approval functionality will be limited.
2025-02-08 19:18:28,970 - Talktauh - DEBUG - LOGGING STARTED: 2025-02-09 00:18:28.970068+00:00
2025-02-08 19:18:29,143 - Talktauh - WARNING - loan_model.pkl not found at /Users/rezatabrizi/dev/Repos/HackNYU/ml/loan_model.pkl. Loan approval functionality will be limited.
2025-02-08 19:18:33,451 - Talktauh - DEBUG - LOGGING STARTED: 2025-02-09 00:18:33.451479+00:00
2025-02-08 19:18:33,584 - Talktauh - WARNING - loan_model.pkl not found at /Users/rezatabrizi/dev/Repos/HackNYU/ml/loan_model.pkl. Loan approval functionality will be limited.
2025-02-08 19:22:08,487 - Talktauh - DEBUG - LOGGING STARTED: 2025-02-09 00:22:08.486884+00:00
2025-02-08 19:22:08,695 - Talktauh - WARNING - loan_model.pkl not found at /Users/rezatabrizi/dev/Repos/HackNYU/ml/loan_model.pkl. Loan approval functionality will be limited.
2025-02-08 23:45:44,662 - Talktauh - DEBUG - LOGGING STARTED: 2025-02-09 04:45:44.662345+00:00
2025-02-08 23:45:44,954 - Talktauh - WARNING - loan_model.pkl not found at /Users/rezatabrizi/dev/Repos/HackNYU/ml/loan_model.pkl. Loan approval functionality will be limited.
2025-02-08 23:48:25,659 - Talktauh - DEBUG - LOGGING STARTED: 2025-02-09 04:48:25.658941+00:00
2025-02-08 23:48:25,835 - Talktauh - WARNING - loan_model.pkl not found at /Users/rezatabrizi/dev/Repos/HackNYU/ml/loan_model.pkl. Loan approval functionality will be limited.
2025-02-08 23:48:51,822 - Talktauh - DEBUG - LOGGING STARTED: 2025-02-09 04:48:51.822437+00:00
2025-02-08 23:48:51,954 - Talktauh - WARNING - loan_model.pkl not found at /Users/rezatabrizi/dev/Repos/HackNYU/ml/loan_model.pkl. Loan approval functionality will be limited.
2025-02-08 23:50:05,649 - Talktauh - DEBUG - LOGGING STARTED: 2025-02-09 04:50:05.649011+00:00
2025-02-08 23:50:05,812 - Talktauh - WARNING - loan_model.pkl not found at /Users/rezatabrizi/dev/Repos/HackNYU/ml/loan_model.pkl. Loan approval functionality will be limited.
2025-02-08 23:50:47,281 - Talktauh - DEBUG - LOGGING STARTED: 2025-02-09 04:50:47.281308+00:00
2025-02-08 23:50:47,416 - Talktauh - WARNING - loan_model.pkl not found at /Users/rezatabrizi/dev/Repos/HackNYU/ml/loan_model.pkl. Loan approval functionality will be limited.
2025-02-08 23:51:12,099 - Talktauh - DEBUG - LOGGING STARTED: 2025-02-09 04:51:12.099598+00:00
2025-02-08 23:51:12,285 - Talktauh - WARNING - loan_model.pkl not found at /Users/rezatabrizi/dev/Repos/HackNYU/ml/loan_model.pkl. Loan approval functionality will be limited.
2025-02-08 23:51:36,299 - Talktauh - DEBUG - LOGGING STARTED: 2025-02-09 04:51:36.298929+00:00
2025-02-08 23:51:36,473 - Talktauh - WARNING - loan_model.pkl not found at /Users/rezatabrizi/dev/Repos/HackNYU/ml/loan_model.pkl. Loan approval functionality will be limited.
2025-02-08 23:53:37,993 - Talktauh - DEBUG - LOGGING STARTED: 2025-02-09 04:53:37.993262+00:00
2025-02-08 23:53:38,196 - Talktauh - WARNING - loan_model.pkl not found at /Users/rezatabrizi/dev/Repos/HackNYU/ml/loan_model.pkl. Loan approval functionality will be limited.
2025-02-08 23:54:25,427 - Talktauh - DEBUG - LOGGING STARTED: 2025-02-09 04:54:25.427816+00:00
2025-02-08 23:54:25,619 - Talktauh - WARNING - loan_model.pkl not found at /Users/rezatabrizi/dev/Repos/HackNYU/ml/loan_model.pkl. Loan approval functionality will be limited.
2025-02-08 23:54:28,070 - Talktauh - DEBUG - LOGGING STARTED: 2025-02-09 04:54:28.070592+00:00
2025-02-08 23:54:28,201 - Talktauh - WARNING - loan_model.pkl not found at /Users/rezatabrizi/dev/Repos/HackNYU/ml/loan_model.pkl. Loan approval functionality will be limited.
2025-02-08 23:54:48,332 - Talktauh - DEBUG - LOGGING STARTED: 2025-02-09 04:54:48.332278+00:00
2025-02-08 23:54:48,470 - Talktauh - WARNING - loan_model.pkl not found at /Users/rezatabrizi/dev/Repos/HackNYU/ml/loan_model.pkl. Loan approval functionality will be limited.
2025-02-08 23:56:36,543 - Talktauh - DEBUG - LOGGING STARTED: 2025-02-09 04:56:36.543046+00:00
2025-02-08 23:56:36,723 - Talktauh - WARNING - loan_model.pkl not found at /Users/rezatabrizi/dev/Repos/HackNYU/ml/loan_model.pkl. Loan approval functionality will be limited.
2025-02-08 23:57:19,803 - Talktauh - DEBUG - LOGGING STARTED: 2025-02-09 04:57:19.803594+00:00
2025-02-08 23:57:19,984 - Talktauh - WARNING - loan_model.pkl not found at /Users/rezatabrizi/dev/Repos/HackNYU/ml/loan_model.pkl. Loan approval functionality will be limited.
2025-02-08 23:58:02,951 - Talktauh - DEBUG - LOGGING STARTED: 2025-02-09 04:58:02.950867+00:00
2025-02-08 23:58:03,226 - Talktauh - WARNING - loan_model.pkl not found at /Users/rezatabrizi/dev/Repos/HackNYU/ml/loan_model.pkl. Loan approval functionality will be limited.
2025-02-08 23:58:28,627 - Talktauh - DEBUG - LOGGING STARTED: 2025-02-09 04:58:28.626838+00:00
2025-02-08 23:58:28,766 - Talktauh - WARNING - loan_model.pkl not found at /Users/rezatabrizi/dev/Repos/HackNYU/ml/loan_model.pkl. Loan approval functionality will be limited.
2025-02-08 23:59:06,580 - Talktauh - DEBUG - LOGGING STARTED: 2025-02-09 04:59:06.580723+00:00
2025-02-08 23:59:06,716 - Talktauh - WARNING - loan_model.pkl not found at /Users/rezatabrizi/dev/Repos/HackNYU/ml/loan_model.pkl. Loan approval functionality will be limited.
2025-02-08 23:59:49,572 - Talktauh - DEBUG - LOGGING STARTED: 2025-02-09 04:59:49.572147+00:00
2025-02-08 23:59:49,753 - Talktauh - WARNING - loan_model.pkl not found at /Users/rezatabrizi/dev/Repos/HackNYU/ml/loan_model.pkl. Loan approval functionality will be limited.
2025-02-09 00:01:15,400 - Talktauh - DEBUG - LOGGING STARTED: 2025-02-09 05:01:15.400782+00:00
2025-02-09 00:01:15,584 - Talktauh - WARNING - loan_model.pkl not found at /Users/rezatabrizi/dev/Repos/HackNYU/ml/loan_model.pkl. Loan approval functionality will be limited.
2025-02-09 00:03:55,547 - Talktauh - DEBUG - LOGGING STARTED: 2025-02-09 05:03:55.547609+00:00
2025-02-09 00:03:55,742 - Talktauh - WARNING - loan_model.pkl not found at /Users/rezatabrizi/dev/Repos/HackNYU/ml/loan_model.pkl. Loan approval functionality will be limited.
2025-02-09 00:04:24,769 - Talktauh - DEBUG - LOGGING STARTED: 2025-02-09 05:04:24.769650+00:00
2025-02-09 00:04:24,946 - Talktauh - WARNING - loan_model.pkl not found at /Users/rezatabrizi/dev/Repos/HackNYU/ml/loan_model.pkl. Loan approval functionality will be limited.
2025-02-09 00:04:27,888 - Talktauh - DEBUG - LOGGING STARTED: 2025-02-09 05:04:27.887937+00:00
2025-02-09 00:04:28,022 - Talktauh - WARNING - loan_model.pkl not found at /Users/rezatabrizi/dev/Repos/HackNYU/ml/loan_model.pkl. Loan approval functionality will be limited.
2025-02-09 00:04:48,139 - Talktauh - DEBUG - LOGGING STARTED: 2025-02-09 05:04:48.138972+00:00
2025-02-09 00:04:48,325 - Talktauh - WARNING - loan_model.pkl not found at /Users/rezatabrizi/dev/Repos/HackNYU/ml/loan_model.pkl. Loan approval functionality will be limited.
2025-02-09 00:05:15,642 - Talktauh - DEBUG - LOGGING STARTED: 2025-02-09 05:05:15.642505+00:00
2025-02-09 00:05:15,819 - Talktauh - WARNING - loan_model.pkl not found at /Users/rezatabrizi/dev/Repos/HackNYU/ml/loan_model.pkl. Loan approval functionality will be limited.
2025-02-09 00:05:18,281 - Talktauh - DEBUG - LOGGING STARTED: 2025-02-09 05:05:18.281550+00:00
2025-02-09 00:05:18,418 - Talktauh - WARNING - loan_model.pkl not found at /Users/rezatabrizi/dev/Repos/HackNYU/ml/loan_model.pkl. Loan approval functionality will be limited.
2025-02-09 00:05:29,776 - Talktauh - DEBUG - LOGGING STARTED: 2025-02-09 05:05:29.776461+00:00
2025-02-09 00:05:29,954 - Talktauh - WARNING - loan_model.pkl not found at /Users/rezatabrizi/dev/Repos/HackNYU/ml/loan_model.pkl. Loan approval functionality will be limited.
2025-02-09 00:05:45,440 - Talktauh - DEBUG - LOGGING STARTED: 2025-02-09 05:05:45.440393+00:00
2025-02-09 00:05:45,578 - Talktauh - WARNING - loan_model.pkl not found at /Users/rezatabrizi/dev/Repos/HackNYU/ml/loan_model.pkl. Loan approval functionality will be limited.
2025-02-09 00:07:59,480 - Talktauh - DEBUG - LOGGING STARTED: 2025-02-09 05:07:59.480175+00:00
2025-02-09 00:07:59,666 - Talktauh - WARNING - loan_model.pkl not found at /Users/rezatabrizi/dev/Repos/HackNYU/ml/loan_model.pkl. Loan approval functionality will be limited.
2025-02-09 00:08:26,465 - Talktauh - DEBUG - LOGGING STARTED: 2025-02-09 05:08:26.465175+00:00
2025-02-09 00:08:26,640 - Talktauh - WARNING - loan_model.pkl not found at /Users/rezatabrizi/dev/Repos/HackNYU/ml/loan_model.pkl. Loan approval functionality will be limited.
2025-02-09 00:10:49,895 - Talktauh - DEBUG - LOGGING STARTED: 2025-02-09 05:10:49.895143+00:00
2025-02-09 00:10:50,088 - Talktauh - WARNING - loan_model.pkl not found at /Users/rezatabrizi/dev/Repos/HackNYU/ml/loan_model.pkl. Loan approval functionality will be limited.
2025-02-09 00:10:58,892 - Talktauh - DEBUG - LOGGING STARTED: 2025-02-09 05:10:58.891340+00:00
2025-02-09 00:10:59,075 - Talktauh - WARNING - loan_model.pkl not found at /Users/rezatabrizi/dev/Repos/HackNYU/ml/loan_model.pkl. Loan approval functionality will be limited.
2025-02-09 00:11:04,856 - Talktauh - DEBUG - LOGGING STARTED: 2025-02-09 05:11:04.856127+00:00
2025-02-09 00:11:04,990 - Talktauh - WARNING - loan_model.pkl not found at /Users/rezatabrizi/dev/Repos/HackNYU/ml/loan_model.pkl. Loan approval functionality will be limited.
2025-02-09 00:11:32,448 - Talktauh - DEBUG - LOGGING STARTED: 2025-02-09 05:11:32.448498+00:00
2025-02-09 00:11:32,626 - Talktauh - WARNING - loan_model.pkl not found at /Users/rezatabrizi/dev/Repos/HackNYU/ml/loan_model.pkl. Loan approval functionality will be limited.
2025-02-09 00:11:38,496 - Talktauh - DEBUG - LOGGING STARTED: 2025-02-09 05:11:38.496768+00:00
2025-02-09 00:11:38,668 - Talktauh - WARNING - loan_model.pkl not found at /Users/rezatabrizi/dev/Repos/HackNYU/ml/loan_model.pkl. Loan approval functionality will be limited.
2025-02-09 00:11:41,134 - Talktauh - DEBUG - LOGGING STARTED: 2025-02-09 05:11:41.134245+00:00
2025-02-09 00:11:41,276 - Talktauh - WARNING - loan_model.pkl not found at /Users/rezatabrizi/dev/Repos/HackNYU/ml/loan_model.pkl. Loan approval functionality will be limited.
2025-02-09 00:12:27,401 - Talktauh - DEBUG - LOGGING STARTED: 2025-02-09 05:12:27.400783+00:00
2025-02-09 00:12:27,595 - Talktauh - WARNING - loan_model.pkl not found at /Users/rezatabrizi/dev/Repos/HackNYU/ml/loan_model.pkl. Loan approval functionality will be limited.
2025-02-09 00:16:11,102 - Talktauh - DEBUG - /analytics/spending_habits request
2025-02-09 00:16:11,103 - Talktauh - DEBUG - Args: {'user_id': '67a794709683f20dd518bbec'}
2025-02-09 00:17:40,625 - Talktauh - DEBUG - LOGGING STARTED: 2025-02-09 05:17:40.625124+00:00
2025-02-09 00:17:40,811 - Talktauh - WARNING - loan_model.pkl not found at /Users/rezatabrizi/dev/Repos/HackNYU/ml/loan_model.pkl. Loan approval functionality will be limited.
2025-02-09 00:17:42,043 - Talktauh - DEBUG - /analytics/spending_habits request
2025-02-09 00:17:42,044 - Talktauh - DEBUG - Args: {'user_id': '67a794709683f20dd518bbec'}
2025-02-09 00:17:42,044 - Talktauh - DEBUG - user id: 67a794709683f20dd518bbec
2025-02-09 00:21:57,223 - Talktauh - DEBUG - LOGGING STARTED: 2025-02-09 05:21:57.223730+00:00
2025-02-09 00:21:57,406 - Talktauh - WARNING - loan_model.pkl not found at /Users/rezatabrizi/dev/Repos/HackNYU/ml/loan_model.pkl. Loan approval functionality will be limited.
2025-02-09 00:21:59,037 - Talktauh - DEBUG - /analytics/spending_habits request
2025-02-09 00:21:59,037 - Talktauh - DEBUG - Args: {'user_id': '67a794709683f20dd518bbec'}
2025-02-09 00:21:59,037 - Talktauh - DEBUG - user id: 67a794709683f20dd518bbec
2025-02-09 00:22:10,603 - Talktauh - DEBUG - LOGGING STARTED: 2025-02-09 05:22:10.603278+00:00
2025-02-09 00:22:10,777 - Talktauh - WARNING - loan_model.pkl not found at /Users/rezatabrizi/dev/Repos/HackNYU/ml/loan_model.pkl. Loan approval functionality will be limited.
2025-02-09 00:22:12,636 - Talktauh - DEBUG - /analytics/spending_habits request
2025-02-09 00:22:12,636 - Talktauh - DEBUG - Args: {'user_id': '67a794709683f20dd518bbec'}
2025-02-09 00:22:12,636 - Talktauh - DEBUG - user id: 67a794709683f20dd518bbec
2025-02-09 00:23:00,155 - Talktauh - DEBUG - LOGGING STARTED: 2025-02-09 05:23:00.155412+00:00
2025-02-09 00:23:00,288 - Talktauh - WARNING - loan_model.pkl not found at /Users/rezatabrizi/dev/Repos/HackNYU/ml/loan_model.pkl. Loan approval functionality will be limited.
2025-02-09 00:23:13,307 - Talktauh - DEBUG - LOGGING STARTED: 2025-02-09 05:23:13.306875+00:00
2025-02-09 00:23:13,438 - Talktauh - WARNING - loan_model.pkl not found at /Users/rezatabrizi/dev/Repos/HackNYU/ml/loan_model.pkl. Loan approval functionality will be limited.
2025-02-09 00:23:25,457 - Talktauh - DEBUG - LOGGING STARTED: 2025-02-09 05:23:25.457574+00:00
2025-02-09 00:23:25,596 - Talktauh - WARNING - loan_model.pkl not found at /Users/rezatabrizi/dev/Repos/HackNYU/ml/loan_model.pkl. Loan approval functionality will be limited.
2025-02-09 00:24:10,160 - Talktauh - DEBUG - /analytics/spending_habits request
2025-02-09 00:24:10,161 - Talktauh - DEBUG - Args: {'user_id': '67a794709683f20dd518bbec'}
2025-02-09 00:24:10,161 - Talktauh - DEBUG - user id: 67a794709683f20dd518bbec
2025-02-09 00:25:22,508 - Talktauh - DEBUG - LOGGING STARTED: 2025-02-09 05:25:22.507214+00:00
2025-02-09 00:25:22,693 - Talktauh - WARNING - loan_model.pkl not found at /Users/rezatabrizi/dev/Repos/HackNYU/ml/loan_model.pkl. Loan approval functionality will be limited.
2025-02-09 00:25:38,057 - Talktauh - DEBUG - LOGGING STARTED: 2025-02-09 05:25:38.057516+00:00
2025-02-09 00:25:38,229 - Talktauh - WARNING - loan_model.pkl not found at /Users/rezatabrizi/dev/Repos/HackNYU/ml/loan_model.pkl. Loan approval functionality will be limited.
2025-02-09 00:25:42,779 - Talktauh - DEBUG - /analytics/spending_habits request
2025-02-09 00:25:42,779 - Talktauh - DEBUG - Args: {'user_id': '67a794709683f20dd518bbec'}
2025-02-09 00:25:42,779 - Talktauh - DEBUG - user id: 67a794709683f20dd518bbec
2025-02-09 00:26:29,669 - Talktauh - DEBUG - LOGGING STARTED: 2025-02-09 05:26:29.669285+00:00
2025-02-09 00:26:29,845 - Talktauh - WARNING - loan_model.pkl not found at /Users/rezatabrizi/dev/Repos/HackNYU/ml/loan_model.pkl. Loan approval functionality will be limited.
2025-02-09 00:26:32,899 - Talktauh - DEBUG - LOGGING STARTED: 2025-02-09 05:26:32.899048+00:00
2025-02-09 00:26:33,034 - Talktauh - WARNING - loan_model.pkl not found at /Users/rezatabrizi/dev/Repos/HackNYU/ml/loan_model.pkl. Loan approval functionality will be limited.
2025-02-09 00:26:33,914 - Talktauh - DEBUG - /analytics/spending_habits request
2025-02-09 00:26:33,915 - Talktauh - DEBUG - Args: {'user_id': '67a794709683f20dd518bbec'}
2025-02-09 00:26:33,915 - Talktauh - DEBUG - user id: 67a794709683f20dd518bbec
2025-02-09 00:26:43,554 - Talktauh - DEBUG - LOGGING STARTED: 2025-02-09 05:26:43.553614+00:00
2025-02-09 00:26:43,690 - Talktauh - WARNING - loan_model.pkl not found at /Users/rezatabrizi/dev/Repos/HackNYU/ml/loan_model.pkl. Loan approval functionality will be limited.
2025-02-09 00:26:44,002 - Talktauh - DEBUG - /analytics/spending_habits request
2025-02-09 00:26:44,003 - Talktauh - DEBUG - Args: {'user_id': '67a794709683f20dd518bbec'}
2025-02-09 00:26:44,003 - Talktauh - DEBUG - user id: 67a794709683f20dd518bbec
2025-02-09 00:27:30,955 - Talktauh - DEBUG - LOGGING STARTED: 2025-02-09 05:27:30.955262+00:00
2025-02-09 00:27:31,146 - Talktauh - WARNING - loan_model.pkl not found at /Users/rezatabrizi/dev/Repos/HackNYU/ml/loan_model.pkl. Loan approval functionality will be limited.
2025-02-09 00:27:33,510 - Talktauh - DEBUG - /analytics/spending_habits request
2025-02-09 00:27:33,510 - Talktauh - DEBUG - Args: {'user_id': '67a794709683f20dd518bbec'}
2025-02-09 00:27:33,510 - Talktauh - DEBUG - user id: 67a794709683f20dd518bbec
2025-02-09 00:28:43,307 - Talktauh - DEBUG - LOGGING STARTED: 2025-02-09 05:28:43.307615+00:00
2025-02-09 00:28:43,485 - Talktauh - WARNING - loan_model.pkl not found at /Users/rezatabrizi/dev/Repos/HackNYU/ml/loan_model.pkl. Loan approval functionality will be limited.
2025-02-09 00:28:44,266 - Talktauh - DEBUG - /analytics/spending_habits request
2025-02-09 00:28:44,266 - Talktauh - DEBUG - Args: {'user_id': '67a794709683f20dd518bbec'}
2025-02-09 00:28:44,267 - Talktauh - DEBUG - user id: 67a794709683f20dd518bbec
2025-02-09 00:29:08,102 - Talktauh - DEBUG - LOGGING STARTED: 2025-02-09 05:29:08.102020+00:00
2025-02-09 00:29:08,286 - Talktauh - WARNING - loan_model.pkl not found at /Users/rezatabrizi/dev/Repos/HackNYU/ml/loan_model.pkl. Loan approval functionality will be limited.
2025-02-09 00:29:09,014 - Talktauh - DEBUG - /analytics/spending_habits request
2025-02-09 00:29:09,014 - Talktauh - DEBUG - Args: {'user_id': '67a794709683f20dd518bbec'}
2025-02-09 00:29:09,014 - Talktauh - DEBUG - user id: 67a794709683f20dd518bbec
2025-02-09 00:30:03,402 - Talktauh - DEBUG - LOGGING STARTED: 2025-02-09 05:30:03.401699+00:00
2025-02-09 00:30:03,643 - Talktauh - WARNING - loan_model.pkl not found at /Users/rezatabrizi/dev/Repos/HackNYU/ml/loan_model.pkl. Loan approval functionality will be limited.
2025-02-09 00:30:06,153 - Talktauh - DEBUG - /analytics/spending_habits request
2025-02-09 00:30:06,153 - Talktauh - DEBUG - Args: {'user_id': '67a794709683f20dd518bbec'}
2025-02-09 00:30:06,153 - Talktauh - DEBUG - user id: 67a794709683f20dd518bbec
2025-02-09 00:30:25,128 - Talktauh - DEBUG - LOGGING STARTED: 2025-02-09 05:30:25.128507+00:00
2025-02-09 00:30:25,304 - Talktauh - WARNING - loan_model.pkl not found at /Users/rezatabrizi/dev/Repos/HackNYU/ml/loan_model.pkl. Loan approval functionality will be limited.
2025-02-09 00:32:05,327 - Talktauh - DEBUG - LOGGING STARTED: 2025-02-09 05:32:05.326939+00:00
2025-02-09 00:32:05,511 - Talktauh - WARNING - loan_model.pkl not found at /Users/rezatabrizi/dev/Repos/HackNYU/ml/loan_model.pkl. Loan approval functionality will be limited.
2025-02-09 00:32:06,063 - Talktauh - DEBUG - /analytics/spending_habits request
2025-02-09 00:32:06,063 - Talktauh - DEBUG - Args: {'user_id': '67a794709683f20dd518bbec'}
2025-02-09 00:32:06,064 - Talktauh - DEBUG - user id: 67a794709683f20dd518bbec
2025-02-09 00:32:37,495 - Talktauh - DEBUG - LOGGING STARTED: 2025-02-09 05:32:37.495380+00:00
2025-02-09 00:32:37,692 - Talktauh - WARNING - loan_model.pkl not found at /Users/rezatabrizi/dev/Repos/HackNYU/ml/loan_model.pkl. Loan approval functionality will be limited.
2025-02-09 00:32:39,579 - Talktauh - DEBUG - /analytics/spending_habits request
2025-02-09 00:32:39,579 - Talktauh - DEBUG - Args: {'user_id': '67a794709683f20dd518bbec'}
2025-02-09 00:32:39,579 - Talktauh - DEBUG - user id: 67a794709683f20dd518bbec
2025-02-09 00:32:56,752 - Talktauh - DEBUG - LOGGING STARTED: 2025-02-09 05:32:56.751990+00:00
2025-02-09 00:32:56,931 - Talktauh - WARNING - loan_model.pkl not found at /Users/rezatabrizi/dev/Repos/HackNYU/ml/loan_model.pkl. Loan approval functionality will be limited.
2025-02-09 00:32:57,922 - Talktauh - DEBUG - /analytics/spending_habits request
2025-02-09 00:32:57,922 - Talktauh - DEBUG - Args: {'user_id': '67a794709683f20dd518bbec'}
2025-02-09 00:32:57,922 - Talktauh - DEBUG - user id: 67a794709683f20dd518bbec
2025-02-09 00:33:09,108 - Talktauh - DEBUG - LOGGING STARTED: 2025-02-09 05:33:09.108049+00:00
2025-02-09 00:33:09,297 - Talktauh - WARNING - loan_model.pkl not found at /Users/rezatabrizi/dev/Repos/HackNYU/ml/loan_model.pkl. Loan approval functionality will be limited.
2025-02-09 00:33:20,821 - Talktauh - DEBUG - LOGGING STARTED: 2025-02-09 05:33:20.821385+00:00
2025-02-09 00:33:21,003 - Talktauh - WARNING - loan_model.pkl not found at /Users/rezatabrizi/dev/Repos/HackNYU/ml/loan_model.pkl. Loan approval functionality will be limited.
2025-02-09 00:33:21,162 - Talktauh - DEBUG - /analytics/spending_habits request
2025-02-09 00:33:21,162 - Talktauh - DEBUG - Args: {'user_id': '67a794709683f20dd518bbec'}
2025-02-09 00:33:21,162 - Talktauh - DEBUG - user id: 67a794709683f20dd518bbec
2025-02-09 00:34:26,964 - Talktauh - DEBUG - LOGGING STARTED: 2025-02-09 05:34:26.964748+00:00
2025-02-09 00:34:27,155 - Talktauh - WARNING - loan_model.pkl not found at /Users/rezatabrizi/dev/Repos/HackNYU/ml/loan_model.pkl. Loan approval functionality will be limited.
2025-02-09 00:39:14,798 - Talktauh - DEBUG - LOGGING STARTED: 2025-02-09 05:39:14.797997+00:00
2025-02-09 00:39:15,007 - Talktauh - WARNING - loan_model.pkl not found at /Users/rezatabrizi/dev/Repos/HackNYU/ml/loan_model.pkl. Loan approval functionality will be limited.
2025-02-09 00:39:17,704 - Talktauh - DEBUG - /analytics/spending_habits request
2025-02-09 00:39:17,705 - Talktauh - DEBUG - Args: {'user_id': '67a794709683f20dd518bbec'}
2025-02-09 00:39:17,705 - Talktauh - DEBUG - user id: 67a794709683f20dd518bbec
